This is pdfTeXk, Version 3.141592-1.40.3 (Web2C 7.5.6) (format=pdftex 2010.2.18)  28 MAY 2011 13:56
entering extended mode
 %&-line parsing enabled.
**twophase
(./twophase.tex (/usr/share/texmf-texlive/tex/plain/cweb/cwebmac.tex
(/usr/share/texmf-texlive/tex/plain/misc/pdfcolor.tex)
\PPbox=\box16
\MMbox=\box17
\MGbox=\box18
\MODbox=\box19
\bak=\box20
\bakk=\box21
\ind=\count26
\gdepth=\count27
\secpagedepth=\count28
\gtitle=\toks12
\intersecskip=\skip18
\toksA=\toks13
\toksB=\toks14
\toksC=\toks15
\toksD=\toks16
\toksE=\toks17
\toksF=\toks18
\usersanitizer=\toks19
\countA=\count29
\countB=\count30
\countC=\count31
\pagewidth=\dimen16
\pageheight=\dimen17
\fullpageheight=\dimen18
\pageshift=\dimen19
\cont=\write0
\sbox=\box22
\lbox=\box23
\twodigits=\count32
) *1 [1{/var/lib/texmf/fonts/map/pdftex/updmap/pdftex.map}
\openout0 = `twophase.toc'.

] [2] [3] *11 [4] [5] [6] [7] [8] [9] *28
[10] [11] Index: (./twophase.idx [12] [13]) [14] Section names: (./twophase.toc
) (./twophase.scn) [15] Table of contents: (./twophase.toc) [0] )</usr/share/te
xmf-texlive/fonts/type1/bluesky/cm/cmbx10.pfb></usr/share/texmf-texlive/fonts/t
ype1/bluesky/cm/cmmi10.pfb></usr/share/texmf-texlive/fonts/type1/bluesky/cm/cmr
10.pfb></usr/share/texmf-texlive/fonts/type1/bluesky/cm/cmr5.pfb></usr/share/te
xmf-texlive/fonts/type1/bluesky/cm/cmr7.pfb></usr/share/texmf-texlive/fonts/typ
e1/bluesky/cm/cmr8.pfb></usr/share/texmf-texlive/fonts/type1/bluesky/cm/cmsy10.
pfb></usr/share/texmf-texlive/fonts/type1/bluesky/cm/cmsy7.pfb></usr/share/texm
f-texlive/fonts/type1/bluesky/cm/cmtex10.pfb></usr/share/texmf-texlive/fonts/ty
pe1/bluesky/cm/cmti10.pfb></usr/share/texmf-texlive/fonts/type1/bluesky/cm/cmtt
10.pfb>
Output written on twophase.pdf (16 pages, 219176 bytes).
PDF statistics:
 657 PDF objects out of 1000 (max. 8388607)
 1 named destinations out of 1000 (max. 131072)
 153 words of extra memory for PDF output out of 10000 (max. 10000000)

